2018-10-22 08:54:03,556 - AppiumDedired - INFO - 设备系统platformName:Android
2018-10-22 08:54:03,556 - AppiumDedired - INFO - 设备系统版本platformVersion:Android
2018-10-22 08:54:03,556 - AppiumDedired - INFO - 设备名称deviceName:127.0.0.1:62001
2018-10-22 08:54:03,557 - AppiumDedired - INFO - 应用程序包名:com.example.todolist
2018-10-22 08:54:03,557 - AppiumDedired - INFO - app路径:D:\work\python-appium/app/todolist.apk
2018-10-22 08:54:03,557 - AppiumDedired - INFO - 不需要每次都安装apk, noReset:Ture
2018-10-22 08:54:03,557 - AppiumDedired - INFO - 启动：com.example.todolist.LoginActivity
2018-10-22 08:54:03,557 - AppiumDedired - INFO - 每次运行新建session:Ture
2018-10-22 08:54:08,626 - AppiumDedired - INFO - 实例化driver成功
2018-10-22 08:54:08,634 - AppiumDedired - INFO - 隐式等待3秒
2018-10-22 08:54:14,543 - BaseView - INFO - Input success
2018-10-22 08:54:21,328 - BaseView - INFO - Input success
2018-10-22 08:54:23,367 - BaseView - INFO - The element 登入 was clicked.
2018-10-22 08:54:25,861 - BaseView - INFO - The element  was clicked.
2018-10-22 08:54:34,102 - BaseView - INFO - Input success
2018-10-22 08:54:36,215 - BaseView - INFO - The element 保存 was clicked.
2018-10-22 08:54:42,262 - AppiumDedired - INFO - 设备系统platformName:Android
2018-10-22 08:54:42,262 - AppiumDedired - INFO - 设备系统版本platformVersion:Android
2018-10-22 08:54:42,263 - AppiumDedired - INFO - 设备名称deviceName:127.0.0.1:62001
2018-10-22 08:54:42,263 - AppiumDedired - INFO - 应用程序包名:com.example.todolist
2018-10-22 08:54:42,263 - AppiumDedired - INFO - app路径:D:\work\python-appium/app/todolist.apk
2018-10-22 08:54:42,263 - AppiumDedired - INFO - 不需要每次都安装apk, noReset:Ture
2018-10-22 08:54:42,263 - AppiumDedired - INFO - 启动：com.example.todolist.LoginActivity
2018-10-22 08:54:42,264 - AppiumDedired - INFO - 每次运行新建session:Ture
2018-10-22 08:54:46,317 - AppiumDedired - INFO - 实例化driver成功
2018-10-22 08:54:46,321 - AppiumDedired - INFO - 隐式等待3秒
2018-10-22 08:54:51,683 - BaseView - INFO - Input success
2018-10-22 08:54:57,952 - BaseView - INFO - Input success
2018-10-22 08:55:00,001 - BaseView - INFO - The element 登入 was clicked.
2018-10-22 08:55:13,459 - BaseView - INFO - 长按成功
2018-10-22 08:55:15,542 - BaseView - INFO - The element  was clicked.
2018-10-22 08:55:18,071 - BaseView - INFO - The element 确定 was clicked.
2018-10-22 08:55:23,930 - AppiumDedired - INFO - 设备系统platformName:Android
2018-10-22 08:55:23,931 - AppiumDedired - INFO - 设备系统版本platformVersion:Android
2018-10-22 08:55:23,931 - AppiumDedired - INFO - 设备名称deviceName:127.0.0.1:62001
2018-10-22 08:55:23,931 - AppiumDedired - INFO - 应用程序包名:com.example.todolist
2018-10-22 08:55:23,932 - AppiumDedired - INFO - app路径:D:\work\python-appium/app/todolist.apk
2018-10-22 08:55:23,932 - AppiumDedired - INFO - 不需要每次都安装apk, noReset:Ture
2018-10-22 08:55:23,933 - AppiumDedired - INFO - 启动：com.example.todolist.LoginActivity
2018-10-22 08:55:23,933 - AppiumDedired - INFO - 每次运行新建session:Ture
2018-10-22 08:55:28,340 - AppiumDedired - INFO - 实例化driver成功
2018-10-22 08:55:28,344 - AppiumDedired - INFO - 隐式等待3秒
2018-10-22 08:55:33,693 - BaseView - INFO - Input success
2018-10-22 08:55:40,456 - BaseView - INFO - Input success
2018-10-22 08:55:42,522 - BaseView - INFO - The element 登入 was clicked.
