2018-10-15 08:55:59,306 - BrowserEngine - INFO - You had select Chrome browser.
2018-10-15 08:55:59,306 - BrowserEngine - INFO - The test server url is: http://127.0.0.1/upload/forum.php
2018-10-15 08:56:02,279 - BrowserEngine - INFO - Starting Chrome browser.
2018-10-15 08:56:08,926 - BrowserEngine - INFO - Open url: http://127.0.0.1/upload/forum.php
2018-10-15 08:56:10,045 - BrowserEngine - INFO - Maximize the current window.
2018-10-15 08:56:10,047 - BrowserEngine - INFO - Set implictily wait 10 seconds.
2018-10-15 08:56:22,839 - BasePage - INFO - Input success
2018-10-15 08:56:25,079 - BasePage - INFO - Input success
2018-10-15 08:56:27,260 - BasePage - INFO - The element 登录 was clicked.
2018-10-15 08:56:41,936 - BasePage - INFO - The element 默认版块 was clicked.
2018-10-15 08:56:55,428 - BasePage - INFO - Input success
2018-10-15 08:56:57,591 - BasePage - INFO - Input success
2018-10-15 08:56:59,691 - BasePage - INFO - The element 发表帖子 was clicked.
2018-10-15 08:57:15,954 - BasePage - INFO - The element  was clicked.
2018-10-15 08:57:18,299 - BasePage - INFO - Input success
2018-10-15 08:57:20,451 - BasePage - INFO - The element 参与/回复主题 was clicked.
2018-10-15 08:57:23,929 - BasePage - INFO - The element 退出 was clicked.
2018-10-15 08:57:53,750 - BasePage - ERROR - <pageobjects.BBS_001_homepage.HomePage object at 0x0000023D42E402E8> 页面中未能找到('css selector', '#um p:nth-child(2) a:nth-child(18)')元素
2018-10-15 08:57:53,751 - BasePage - ERROR - Faild to click the element with 'NoneType' object has no attribute 'text'
2018-10-15 08:57:56,755 - BrowserEngine - INFO - You had select Chrome browser.
2018-10-15 08:57:56,756 - BrowserEngine - INFO - The test server url is: http://127.0.0.1/upload/forum.php
2018-10-15 08:57:59,253 - BrowserEngine - INFO - Starting Chrome browser.
2018-10-15 08:58:06,589 - BrowserEngine - INFO - Open url: http://127.0.0.1/upload/forum.php
2018-10-15 08:58:07,770 - BrowserEngine - INFO - Maximize the current window.
2018-10-15 08:58:07,771 - BrowserEngine - INFO - Set implictily wait 10 seconds.
2018-10-15 08:58:19,697 - BasePage - INFO - Input success
2018-10-15 08:58:22,083 - BasePage - INFO - Input success
2018-10-15 08:58:24,206 - BasePage - INFO - The element 登录 was clicked.
2018-10-15 08:58:38,819 - BasePage - INFO - The element 默认版块 was clicked.
2018-10-15 08:58:51,441 - BasePage - INFO - The element  was clicked.
2018-10-15 08:58:53,645 - BasePage - INFO - The element 删除 was clicked.
2018-10-15 08:58:56,991 - BasePage - INFO - The element 确定 was clicked.
2018-10-15 08:59:11,040 - BasePage - INFO - The element 管理中心 was clicked.
2018-10-15 08:59:12,388 - BasePage - INFO - Input success
2018-10-15 08:59:14,502 - BasePage - INFO - The element  was clicked.
2018-10-15 08:59:47,131 - BasePage - INFO - The element 论坛 was clicked.
2018-10-15 08:59:50,677 - BasePage - INFO - The element 添加新版块 was clicked.
2018-10-15 08:59:53,042 - BasePage - INFO - Input success
2018-10-15 08:59:55,237 - BasePage - INFO - The element  was clicked.
2018-10-15 08:59:58,710 - BasePage - INFO - The element 退出 was clicked.
2018-10-15 09:00:10,976 - BasePage - INFO - Input success
2018-10-15 09:00:13,293 - BasePage - INFO - Input success
2018-10-15 09:00:15,347 - BasePage - INFO - The element 登录 was clicked.
2018-10-15 09:00:24,438 - BasePage - INFO - The element Discuz! was clicked.
2018-10-15 09:00:39,219 - BasePage - INFO - The element qiaoqiao was clicked.
2018-10-15 09:00:51,808 - BasePage - INFO - Input success
2018-10-15 09:00:54,177 - BasePage - INFO - Input success
2018-10-15 09:00:56,341 - BasePage - INFO - The element 发表帖子 was clicked.
2018-10-15 09:01:12,079 - BasePage - INFO - The element  was clicked.
2018-10-15 09:01:14,400 - BasePage - INFO - Input success
2018-10-15 09:01:16,541 - BasePage - INFO - The element 参与/回复主题 was clicked.
2018-10-15 09:01:25,787 - BrowserEngine - INFO - You had select Chrome browser.
2018-10-15 09:01:25,788 - BrowserEngine - INFO - The test server url is: http://127.0.0.1/upload/forum.php
2018-10-15 09:01:28,343 - BrowserEngine - INFO - Starting Chrome browser.
2018-10-15 09:01:35,114 - BrowserEngine - INFO - Open url: http://127.0.0.1/upload/forum.php
2018-10-15 09:01:36,234 - BrowserEngine - INFO - Maximize the current window.
2018-10-15 09:01:36,236 - BrowserEngine - INFO - Set implictily wait 10 seconds.
2018-10-15 09:01:48,716 - BasePage - INFO - Input success
2018-10-15 09:01:51,127 - BasePage - INFO - Input success
2018-10-15 09:01:53,353 - BasePage - INFO - The element 登录 was clicked.
2018-10-15 09:02:09,006 - BasePage - INFO - Input success
2018-10-15 09:02:11,219 - BasePage - INFO - The element  was clicked.
2018-10-15 09:02:16,632 - BasePage - INFO - The element qiaoxu111 was clicked.
2018-10-15 09:02:19,808 - SouSuo - INFO - success
2018-10-15 09:02:19,808 - SouSuo - INFO - success
2018-10-15 09:02:30,347 - BasePage - ERROR - <pageobjects.BBS_003_sousuopage.SouSuo object at 0x0000023D42E40978> 页面中未能找到('css selector', '#um p:nth-child(2) a:nth-child(12)')元素
2018-10-15 09:02:30,347 - BasePage - ERROR - Faild to click the element with 'NoneType' object has no attribute 'text'
2018-10-15 09:02:33,350 - BrowserEngine - INFO - You had select Chrome browser.
2018-10-15 09:02:33,350 - BrowserEngine - INFO - The test server url is: http://127.0.0.1/upload/forum.php
2018-10-15 09:02:35,959 - BrowserEngine - INFO - Starting Chrome browser.
2018-10-15 09:02:43,661 - BrowserEngine - INFO - Open url: http://127.0.0.1/upload/forum.php
2018-10-15 09:02:44,778 - BrowserEngine - INFO - Maximize the current window.
2018-10-15 09:02:44,779 - BrowserEngine - INFO - Set implictily wait 10 seconds.
2018-10-15 09:04:05,369 - BasePage - INFO - Input success
2018-10-15 09:04:07,672 - BasePage - INFO - Input success
2018-10-15 09:04:09,835 - BasePage - INFO - The element 登录 was clicked.
2018-10-15 09:04:15,597 - BasePage - INFO - The element 默认版块 was clicked.
2018-10-15 09:04:17,019 - BasePage - INFO - The element  was clicked.
2018-10-15 09:04:20,696 - BasePage - INFO - The element 发起投票 was clicked.
2018-10-15 09:04:22,325 - BasePage - INFO - Input success
2018-10-15 09:04:23,465 - BasePage - INFO - Input success
2018-10-15 09:04:24,622 - BasePage - INFO - Input success
2018-10-15 09:04:25,779 - BasePage - INFO - Input success
2018-10-15 09:04:28,983 - BasePage - INFO - The element  was clicked.
2018-10-15 09:04:31,275 - BasePage - INFO - The element 发起投票 was clicked.
2018-10-15 09:04:35,410 - BasePage - INFO - The element  was clicked.
2018-10-15 09:04:37,510 - BasePage - INFO - The element 提交 was clicked.
2018-10-15 09:04:40,069 - BasePage - INFO - The element 1.  刘亦菲 was print.
2018-10-15 09:04:40,125 - BasePage - INFO - The element 0.00% (0) was print.
2018-10-15 09:04:40,184 - BasePage - INFO - The element 2.  范冰冰 was print.
2018-10-15 09:04:40,261 - BasePage - INFO - The element 0.00% (0) was print.
2018-10-15 09:04:40,315 - BasePage - INFO - The element 3.  谢娜 was print.
2018-10-15 09:04:40,369 - BasePage - INFO - The element 100.00% (1) was print.
