[2018-10-21 09:09:28,962] - logger.py] - INFO: ------登录成功用例：start!---------
[2018-10-21 09:09:28,981] - logger.py] - INFO: 输入正确账号：这里是抓包后获取的博客园的加密账号
[2018-10-21 09:09:28,986] - logger.py] - INFO: 输入正确密码：这里是抓包后获取的博客园的加密密码
[2018-10-21 09:09:29,710] - logger.py] - INFO: ------登录失败用例：start!---------
[2018-10-21 09:09:29,716] - logger.py] - INFO: 输入正确账号：这里是抓包后获取的博客园的加密账号
[2018-10-21 09:09:29,721] - logger.py] - INFO: 输入错误密码：这里是抓包后获取的博客园的加密账号
[2018-10-21 09:09:29,862] - logger.py] - INFO: ----------start!-------
[2018-10-21 09:09:29,873] - logger.py] - INFO: 测试单号：560697415000  快递名称：天天快递
[2018-10-21 09:09:29,881] - logger.py] - INFO: 测试url地址：http://www.kuaidi.com/index-ajaxselectcourierinfo-560697415000-tiantian.html
[2018-10-21 09:09:30,000] - logger.py] - INFO: 获取请求结果：{'ico': '', 'reason': '快递公司参数异常：单号不存在或者已经过期', 'exceed': '', 'phone': '', 'success': False, 'data': '', 'timeused': '--', 'company': None, 'nu': '560697415000', 'companytype': 'tiantian', 'rank': '2.8', 'time': '', 'url': '', 'status': 0}
[2018-10-21 09:09:30,005] - logger.py] - INFO: 获取公司名称：None
[2018-10-21 09:09:30,009] - logger.py] - INFO: 获取data内容：
[2018-10-21 09:09:30,015] - logger.py] - INFO: ----------start!-------
[2018-10-21 09:09:30,020] - logger.py] - INFO: 测试单号：1202247993797  快递名称：韵达快递
[2018-10-21 09:09:30,025] - logger.py] - INFO: 测试url地址：http://www.kuaidi.com/index-ajaxselectcourierinfo-1202247993797-yunda.html
[2018-10-21 09:09:30,136] - logger.py] - INFO: 获取请求结果：{'ico': '', 'reason': '快递公司参数异常：单号不存在或者已经过期', 'exceed': '', 'phone': '', 'success': False, 'data': '', 'timeused': '--', 'company': None, 'nu': '1202247993797', 'companytype': 'yunda', 'rank': '2.8', 'time': '', 'url': '', 'status': 0}
[2018-10-21 09:09:30,156] - logger.py] - INFO: 获取公司名称：None
[2018-10-21 09:09:30,165] - logger.py] - INFO: 获取data内容：
[2018-10-21 09:09:30,172] - logger.py] - INFO: ------start!--------
[2018-10-21 09:09:30,177] - logger.py] - INFO: 第一步：登录
[2018-10-21 09:09:30,296] - logger.py] - INFO: ------start!--------
